<?xml version="1.0" encoding="UTF-8" ?>
<testsuite failures="0" time="2.641" errors="0" skipped="0" tests="7" name="org.huldra.math.BasicTest">
  <properties>
[...]
</properties>
  <testcase time="0.028" classname="org.huldra.math.BasicTest" name="constructorTest"/>
  <testcase time="0.006" classname="org.huldra.math.BasicTest" name="subTest"/>
  <testcase time="0.637" classname="org.huldra.math.BasicTest" name="addTest"/>
  <testcase time="0.798" classname="org.huldra.math.BasicTest" name="longDivTest"/>
  <testcase time="0.001" classname="org.huldra.math.BasicTest" name="remTest"/>
  <testcase time="1.169" classname="org.huldra.math.BasicTest" name="mulTest"/>
  <testcase time="0.002" classname="org.huldra.math.BasicTest" name="divTest"/>
</testsuite>